<?xml version="1.0" encoding="UTF-8"?>
<!-- Generated by org.testng.reporters.JUnitXMLReporter -->
<testsuite ignored="3" hostname="TYSS-Akash-Deb" failures="0" tests="1" name="Test" time="22.561" errors="0" timestamp="19 Feb 2024 07:29:57 GMT">
  <testcase classname="vtiger.opportunity_module.ToCreateOpportunityTest" name="toCreateAnOpportunityWithOrganizationAndCampaignDetails" time="17.04"/>
  <testcase classname="vtiger.lead_module.ToCreateALeadTest" name="toCreateALeadAndToVerifyTheLeadInfo" time="0.0">
    <ignored/>
  </testcase> <!-- toCreateALeadAndToVerifyTheLeadInfo -->
  <testcase classname="vtiger.genericUtility.BaseClass" name="@BeforeSuite bsConfig" time="0.0">
    <ignored/>
  </testcase> <!-- @BeforeSuite bsConfig -->
  <testcase classname="vtiger.genericUtility.BaseClass" name="@AfterSuite as" time="0.0">
    <ignored/>
  </testcase> <!-- @AfterSuite as -->
</testsuite> <!-- Test -->
